<?xml version="1.0" encoding="UTF-8"?>
<!-- Generated by org.testng.reporters.JUnitReportReporter -->
<testsuite hostname="DESKTOP-BAAPTUD" failures="0" tests="2" name="runner.RunCuke" time="59.279" errors="0" timestamp="2023-12-25T12:53:28 IST" skipped="0">
  <testcase classname="runner.RunCuke" name="runScenario" time="29.682"/>
  <testcase classname="runner.RunCuke" name="runScenario" time="29.597"/>
</testsuite> <!-- runner.RunCuke -->
