<?xml version="1.0" encoding="UTF-8"?>
<!-- Generated by org.testng.reporters.JUnitReportReporter -->
<testsuite hostname="DESKTOP-BAAPTUD" failures="0" tests="1" name="runner.RunCuke" time="19.069" errors="0" timestamp="2023-12-08T11:30:46 IST" skipped="0">
  <testcase classname="runner.RunCuke" name="runScenario" time="19.069"/>
</testsuite> <!-- runner.RunCuke -->
