<?xml version="1.0" encoding="UTF-8"?>
<!-- Generated by org.testng.reporters.JUnitReportReporter -->
<testsuite hostname="DESKTOP-BAAPTUD" failures="0" tests="1" name="runner.RunCuke" time="15.552" errors="0" timestamp="27 Dec 2023 08:50:18 GMT" skipped="0">
  <testcase classname="runner.RunCuke" name="runScenario" time="15.552"/>
</testsuite> <!-- runner.RunCuke -->
